<?xml version="1.0" encoding="UTF-8"?>
<log>
<logentry
   revision="32">
<author>jplatzer</author>
<date>2014-03-23T00:05:14.144620Z</date>
<paths>
<path
   kind="dir"
   action="M">/trunk</path>
<path
   kind="file"
   action="A">/trunk/src/com/through_other_eyes/enu/obj/base/Moveable.java</path>
<path
   kind="dir"
   action="A">/trunk/res/splash</path>
<path
   kind="file"
   action="M">/trunk/src/com/through_other_eyes/enu/core/GamePanel.java</path>
<path
   kind="dir"
   action="A">/trunk/src/com/through_other_eyes/enu/obj/base</path>
<path
   kind="file"
   action="A">/trunk/src/com/through_other_eyes/enu/obj/SplashScreen.java</path>
<path
   kind="file"
   action="A">/trunk/src/com/through_other_eyes/enu/obj/base/GameObject.java</path>
<path
   kind="file"
   action="A">/trunk/src/com/through_other_eyes/enu/obj/base/Drawable.java</path>
<path
   kind="file"
   action="A">/trunk/res/splash/2_java.png</path>
<path
   kind="dir"
   action="A">/trunk/res</path>
<path
   kind="file"
   copyfrom-path="/trunk/src/com/through_other_eyes/enu/res/map.png"
   copyfrom-rev="30"
   action="A">/trunk/res/map.png</path>
<path
   kind="dir"
   action="A">/trunk/src/com/through_other_eyes/enu/obj</path>
<path
   kind="file"
   action="M">/trunk/src/com/through_other_eyes/enu/core/GameCore.java</path>
<path
   kind="file"
   copyfrom-path="/trunk/src/com/through_other_eyes/enu/res/toe_splash.png"
   copyfrom-rev="29"
   action="A">/trunk/res/splash/1_toe.png</path>
</paths>
<msg>worst commit ever (fo real)</msg>
</logentry>
<logentry
   revision="31">
<author>jplatzer</author>
<date>2014-03-23T00:03:56.197179Z</date>
<paths>
<path
   kind="dir"
   action="D">/trunk/src/com/through_other_eyes/enu/res</path>
</paths>
<msg>worst commit ever ( fo real )</msg>
</logentry>
<logentry
   revision="30">
<author>jplatzer</author>
<date>2014-03-22T22:12:22.354021Z</date>
<paths>
<path
   kind="file"
   action="D">/trunk/src/com/through_other_eyes/enu/res/map_240x180.png</path>
<path
   kind="file"
   action="D">/trunk/src/com/through_other_eyes/enu/res/test3.gif</path>
<path
   kind="file"
   action="D">/trunk/src/com/through_other_eyes/enu/res/map_640x480.png</path>
<path
   kind="file"
   action="D">/trunk/src/com/through_other_eyes/enu/res/test.jpg</path>
<path
   kind="file"
   copyfrom-path="/trunk/src/com/through_other_eyes/enu/res/map_240x180.png"
   copyfrom-rev="29"
   action="A">/trunk/src/com/through_other_eyes/enu/res/map.png</path>
<path
   kind="file"
   action="D">/trunk/src/com/through_other_eyes/enu/res/test2.jpg</path>
</paths>
<msg>deleted unnecesary files</msg>
</logentry>
<logentry
   revision="29">
<author>jplatzer</author>
<date>2014-03-22T22:03:04.446141Z</date>
<paths>
<path
   kind="file"
   copyfrom-path="/trunk/src/com/throughothereyes/enu/res/test.jpg"
   copyfrom-rev="23"
   action="A">/trunk/src/com/through_other_eyes/enu/res/test.jpg</path>
<path
   kind="dir"
   action="A">/trunk/src/com/through_other_eyes/enu/core</path>
<path
   kind="dir"
   action="A">/trunk/src/com/through_other_eyes/enu/res</path>
<path
   kind="file"
   copyfrom-path="/trunk/src/com/throughothereyes/enu/core/GameCore.java"
   copyfrom-rev="27"
   action="A">/trunk/src/com/through_other_eyes/enu/core/GameCore.java</path>
<path
   kind="file"
   copyfrom-path="/trunk/src/com/throughothereyes/enu/res/map_240x180.png"
   copyfrom-rev="23"
   action="A">/trunk/src/com/through_other_eyes/enu/res/map_240x180.png</path>
<path
   kind="file"
   copyfrom-path="/trunk/src/com/throughothereyes/enu/res/test3.gif"
   copyfrom-rev="23"
   action="A">/trunk/src/com/through_other_eyes/enu/res/test3.gif</path>
<path
   kind="dir"
   action="A">/trunk/src/com/through_other_eyes/enu</path>
<path
   kind="file"
   copyfrom-path="/trunk/src/com/throughothereyes/enu/utils/InputController.java"
   copyfrom-rev="25"
   action="A">/trunk/src/com/through_other_eyes/enu/util/InputController.java</path>
<path
   kind="file"
   copyfrom-path="/trunk/src/com/throughothereyes/enu/core/GamePanel.java"
   copyfrom-rev="26"
   action="A">/trunk/src/com/through_other_eyes/enu/core/GamePanel.java</path>
<path
   kind="file"
   copyfrom-path="/trunk/src/com/throughothereyes/enu/res/map_640x480.png"
   copyfrom-rev="23"
   action="A">/trunk/src/com/through_other_eyes/enu/res/map_640x480.png</path>
<path
   kind="file"
   copyfrom-path="/trunk/src/com/throughothereyes/enu/utils/WindowController.java"
   copyfrom-rev="25"
   action="A">/trunk/src/com/through_other_eyes/enu/util/WindowController.java</path>
<path
   kind="dir"
   action="A">/trunk/src/com/through_other_eyes</path>
<path
   kind="file"
   copyfrom-path="/trunk/src/com/throughothereyes/enu/res/test2.jpg"
   copyfrom-rev="23"
   action="A">/trunk/src/com/through_other_eyes/enu/res/test2.jpg</path>
<path
   kind="file"
   copyfrom-path="/trunk/src/com/throughothereyes/enu/res/toe_splash.png"
   copyfrom-rev="25"
   action="A">/trunk/src/com/through_other_eyes/enu/res/toe_splash.png</path>
<path
   kind="dir"
   action="A">/trunk/src/com/through_other_eyes/enu/util</path>
<path
   kind="file"
   action="M">/trunk/nbproject/project.properties</path>
</paths>
<msg>changed com.throughothereyes to com.through_other_eyes</msg>
</logentry>
<logentry
   revision="28">
<author>jplatzer</author>
<date>2014-03-22T22:02:59.510956Z</date>
<paths>
<path
   kind="dir"
   action="D">/trunk/src/com/throughothereyes</path>
</paths>
<msg>changed com.throughothereyes to com.through_other_eyes</msg>
</logentry>
<logentry
   revision="27">
<author>jplatzer</author>
<date>2014-03-22T21:39:51.689825Z</date>
<paths>
<path
   action="M"
   kind="file">/trunk/src/com/throughothereyes/enu/core/GameCore.java</path>
</paths>
<msg>added splashscreen</msg>
</logentry>
<logentry
   revision="26">
<author>jplatzer</author>
<date>2014-03-22T21:15:48.902219Z</date>
<paths>
<path
   action="M"
   kind="file">/trunk/src/com/throughothereyes/enu/core/GameCore.java</path>
<path
   action="M"
   kind="file">/trunk/src/com/throughothereyes/enu/core/GamePanel.java</path>
</paths>
<msg>added framecap system... fucking awesome
</msg>
</logentry>
<logentry
   revision="25">
<author>jplatzer</author>
<date>2014-03-22T20:22:31.601924Z</date>
<paths>
<path
   action="A"
   kind="file">/trunk/src/com/throughothereyes/enu/res/toe_splash.png</path>
<path
   action="M"
   kind="file">/trunk/src/com/throughothereyes/enu/core/GamePanel.java</path>
<path
   action="M"
   kind="file">/trunk/nbproject/project.properties</path>
<path
   action="M"
   kind="file">/trunk/src/com/throughothereyes/enu/utils/InputController.java</path>
<path
   action="D"
   kind="file">/trunk/src/com/throughothereyes/enu/core/GameMain.java</path>
<path
   action="A"
   kind="file"
   copyfrom-path="/trunk/src/com/throughothereyes/enu/core/GameMain.java"
   copyfrom-rev="24">/trunk/src/com/throughothereyes/enu/core/GameCore.java</path>
<path
   action="M"
   kind="file">/trunk/src/com/throughothereyes/enu/utils/WindowController.java</path>
</paths>
<msg>added gamestates, the toe splashscreen and so on</msg>
</logentry>
<logentry
   revision="24">
<author>jplatzer</author>
<date>2014-03-22T19:10:07.549944Z</date>
<paths>
<path
   action="M"
   kind="file">/trunk/src/com/throughothereyes/enu/core/GameMain.java</path>
</paths>
<msg>replaced ordinary Main with SwingUtilities.invokelater</msg>
</logentry>
<logentry
   revision="23">
<author>mwahlhuetter</author>
<date>2014-03-22T19:08:19.138611Z</date>
<paths>
<path
   action="M"
   kind="file">/trunk/src/com/throughothereyes/enu/core/GameMain.java</path>
</paths>
<msg>instantiated InputController and WindowController in GameMain</msg>
</logentry>
<logentry
   revision="22">
<author>jplatzer</author>
<date>2014-03-22T18:47:17.281831Z</date>
<paths>
<path
   action="M"
   kind="file">/trunk/src/com/throughothereyes/enu/core/GameMain.java</path>
<path
   action="M"
   kind="file">/trunk/src/com/throughothereyes/enu/core/GamePanel.java</path>
</paths>
<msg>fuck it i dont know what i did</msg>
</logentry>
<logentry
   revision="21">
<author>mwahlhuetter</author>
<date>2014-03-22T18:42:32.812514Z</date>
<paths>
<path
   action="M"
   kind="file">/trunk/src/com/throughothereyes/enu/core/GameMain.java</path>
<path
   action="D"
   kind="file">/trunk/src/com/throughothereyes/enu/utils/GameWindowListener.java</path>
<path
   action="D"
   kind="file">/trunk/src/com/throughothereyes/enu/utils/GameKeyListener.java</path>
<path
   action="A"
   kind="file"
   copyfrom-path="/trunk/src/com/throughothereyes/enu/utils/GameWindowListener.java"
   copyfrom-rev="19">/trunk/src/com/throughothereyes/enu/utils/WindowController.java</path>
<path
   action="A"
   kind="file"
   copyfrom-path="/trunk/src/com/throughothereyes/enu/utils/GameKeyListener.java"
   copyfrom-rev="20">/trunk/src/com/throughothereyes/enu/utils/InputController.java</path>
</paths>
<msg>refactored GameKeyListener.java and GameWindowListener.java</msg>
</logentry>
<logentry
   revision="20">
<author>jplatzer</author>
<date>2014-03-22T18:16:08.763559Z</date>
<paths>
<path
   action="M"
   kind="file">/trunk/src/com/throughothereyes/enu/core/GamePanel.java</path>
<path
   action="M"
   kind="file">/trunk/src/com/throughothereyes/enu/core/GameMain.java</path>
</paths>
<msg>added some comments
</msg>
</logentry>
<logentry
   revision="19">
<author>jplatzer</author>
<date>2014-03-22T17:56:39.221986Z</date>
<paths>
<path
   action="A"
   kind="file">/trunk/src/com/throughothereyes/enu/res/map_640x480.png</path>
<path
   action="D"
   kind="file">/trunk/src/com/throughothereyes/enu/res/map.png</path>
<path
   action="A"
   kind="file"
   copyfrom-path="/trunk/src/com/throughothereyes/enu/res/map.png"
   copyfrom-rev="18">/trunk/src/com/throughothereyes/enu/res/map_240x180.png</path>
<path
   action="M"
   kind="file">/trunk/src/com/throughothereyes/enu/core/GamePanel.java</path>
</paths>
<msg>renamed map.png to map_240x180.png and added map_640x480.png</msg>
</logentry>
<logentry
   revision="18">
<author>jplatzer</author>
<date>2014-03-22T17:52:39.230730Z</date>
<paths>
<path
   action="M"
   kind="file">/trunk/src/com/throughothereyes/enu/core/GamePanel.java</path>
<path
   action="M"
   kind="file">/trunk/src/com/throughothereyes/enu/core/GameMain.java</path>
<path
   action="A"
   kind="file">/trunk/src/com/throughothereyes/enu/res/map.png</path>
</paths>
<msg>added map.png to res and drew it to the gamepanel</msg>
</logentry>
<logentry
   revision="17">
<author>jplatzer</author>
<date>2014-03-22T17:45:30.342552Z</date>
<paths>
<path
   action="M"
   kind="file">/trunk/src/com/throughothereyes/enu/core/GameMain.java</path>
</paths>
<msg>initialize() the initialize methods</msg>
</logentry>
<logentry
   revision="16">
<author>mwahlhuetter</author>
<date>2014-03-22T17:42:26.160296Z</date>
<paths>
<path
   action="M"
   kind="file">/trunk/src/com/throughothereyes/enu/core/GameMain.java</path>
</paths>
<msg>created initializeListeners method</msg>
</logentry>
<logentry
   revision="15">
<author>mwahlhuetter</author>
<date>2014-03-22T17:39:07.420556Z</date>
<paths>
<path
   action="M"
   kind="file">/trunk/src/com/throughothereyes/enu/core/GameMain.java</path>
<path
   action="A"
   kind="file">/trunk/src/com/throughothereyes/enu/utils/GameWindowListener.java</path>
</paths>
<msg>default shutdown routine added for windowed mode with GameWindowListener</msg>
</logentry>
<logentry
   revision="14">
<author>jplatzer</author>
<date>2014-03-22T17:33:13.426616Z</date>
<paths>
<path
   action="M"
   kind="file">/trunk/src/com/throughothereyes/enu/core/GameMain.java</path>
</paths>
<msg>set title an other things
</msg>
</logentry>
<logentry
   revision="13">
<author>mwahlhuetter</author>
<date>2014-03-22T17:29:33.733648Z</date>
<paths>
<path
   action="M"
   kind="file">/trunk/src/com/throughothereyes/enu/core/GameMain.java</path>
<path
   action="M"
   kind="file">/trunk/src/com/throughothereyes/enu/utils/GameKeyListener.java</path>
</paths>
<msg>GameKeyListener now getting source from GameMain</msg>
</logentry>
<logentry
   revision="12">
<author>mwahlhuetter</author>
<date>2014-03-22T17:21:46.054972Z</date>
<paths>
<path
   action="A"
   kind="file">/trunk/src/com/throughothereyes/enu/res/test3.gif</path>
<path
   action="A"
   kind="dir">/trunk/src/com/throughothereyes/enu/utils</path>
<path
   action="M"
   kind="file">/trunk/src/com/throughothereyes/enu/core/GamePanel.java</path>
<path
   action="M"
   kind="file">/trunk/src/com/throughothereyes/enu/core/GameMain.java</path>
<path
   action="A"
   kind="file">/trunk/src/com/throughothereyes/enu/utils/GameKeyListener.java</path>
<path
   action="A"
   kind="file">/trunk/src/com/throughothereyes/enu/res/test2.jpg</path>
</paths>
<msg>GameKeyListener added</msg>
</logentry>
<logentry
   revision="11">
<author>jplatzer</author>
<date>2014-03-22T17:18:32.711838Z</date>
<paths>
<path
   action="M"
   kind="file">/trunk/src/com/throughothereyes/enu/core/GameMain.java</path>
<path
   action="M"
   kind="file">/trunk/src/com/throughothereyes/enu/core/GamePanel.java</path>
</paths>
<msg>redid everything a little bit
</msg>
</logentry>
<logentry
   revision="10">
<author>mwahlhuetter</author>
<date>2014-03-22T16:37:07.891949Z</date>
<paths>
<path
   action="M"
   kind="file">/trunk/src/com/throughothereyes/enu/core/GamePanel.java</path>
<path
   action="A"
   kind="file">/trunk/src/com/throughothereyes/enu/res/test.jpg</path>
</paths>
<msg>test.jpg now committed</msg>
</logentry>
<logentry
   revision="9">
<author>jplatzer</author>
<date>2014-03-22T16:35:16.897479Z</date>
<paths>
<path
   action="M"
   kind="file">/trunk/src/com/throughothereyes/enu/core/GameMain.java</path>
<path
   action="M"
   kind="file">/trunk/src/com/throughothereyes/enu/core/GamePanel.java</path>
</paths>
<msg>changed the initialize() method 
a little bit</msg>
</logentry>
<logentry
   revision="8">
<author>mwahlhuetter</author>
<date>2014-03-22T16:13:42.266417Z</date>
<paths>
<path
   action="D"
   kind="file">/trunk/src/com/throughothereyes/enu/core/fuck.jpg</path>
<path
   action="M"
   kind="file">/trunk/src/com/throughothereyes/enu/core/GamePanel.java</path>
<path
   action="M"
   kind="file">/trunk/src/com/throughothereyes/enu/core/GameMain.java</path>
</paths>
<msg>update method reworked</msg>
</logentry>
<logentry
   revision="7">
<author>jplatzer</author>
<date>2014-03-22T15:34:44.698082Z</date>
<paths>
<path
   action="M"
   kind="file">/trunk/src/com/throughothereyes/enu/core/GamePanel.java</path>
<path
   action="M"
   kind="file">/trunk/src/com/throughothereyes/enu/core/GameMain.java</path>
</paths>
<msg>reworked initialize() method to support fullscreen mode through displaymode. also added support for windowed mode.</msg>
</logentry>
<logentry
   revision="6">
<author>mwahlhuetter</author>
<date>2014-03-22T14:46:19.534128Z</date>
<paths>
<path
   action="M"
   kind="file">/trunk/src/com/throughothereyes/enu/core/GameMain.java</path>
<path
   action="A"
   kind="file">/trunk/src/com/throughothereyes/enu/core/fuck.jpg</path>
<path
   action="M"
   kind="file">/trunk/src/com/throughothereyes/enu/core/GamePanel.java</path>
</paths>
<msg>added basic KeyListener functions, especially exit on ESC</msg>
</logentry>
<logentry
   revision="5">
<author>mwahlhuetter</author>
<date>2014-03-22T14:30:38.967220Z</date>
<paths>
<path
   action="M"
   kind="file">/trunk/src/com/throughothereyes/enu/core/GamePanel.java</path>
<path
   action="M"
   kind="file">/trunk/src/com/throughothereyes/enu/core/GameMain.java</path>
</paths>
<msg>reworked fullscreenmode to real 640x480</msg>
</logentry>
<logentry
   revision="4">
<author>jplatzer</author>
<date>2014-03-22T13:28:06.108587Z</date>
<paths>
<path
   action="M"
   kind="dir">/trunk</path>
<path
   action="A"
   kind="dir">/trunk/src/com/throughothereyes/enu</path>
<path
   action="A"
   kind="dir">/trunk/src/com</path>
<path
   action="A"
   kind="file">/trunk/src/com/throughothereyes/enu/core/GamePanel.java</path>
<path
   action="M"
   kind="file">/trunk/nbproject/project.properties</path>
<path
   action="A"
   kind="file">/trunk/src/com/throughothereyes/enu/core/GameMain.java</path>
<path
   action="A"
   kind="dir">/trunk/src/com/throughothereyes/enu/core</path>
<path
   action="A"
   kind="dir">/trunk/src/com/throughothereyes</path>
<path
   action="A"
   kind="dir">/trunk/src/com/throughothereyes/enu/res</path>
<path
   action="A"
   kind="dir">/trunk/test</path>
</paths>
<msg>Created packages and started with 4:3 aspect ratio fullscreen gamepanel</msg>
</logentry>
<logentry
   revision="3">
<author>jplatzer</author>
<date>2014-03-13T10:56:57.304286Z</date>
<paths>
<path
   action="A"
   kind="file">/trunk/nbproject/project.xml</path>
<path
   action="A"
   kind="file">/trunk/nbproject/genfiles.properties</path>
<path
   action="A"
   kind="file">/trunk/build.xml</path>
<path
   action="A"
   kind="file">/trunk/nbproject/build-impl.xml</path>
<path
   action="A"
   kind="dir">/trunk/nbproject</path>
<path
   action="A"
   kind="dir">/trunk/src</path>
<path
   action="A"
   kind="file">/trunk/manifest.mf</path>
<path
   action="A"
   kind="file">/trunk/nbproject/project.properties</path>
</paths>
<msg>created new project titled "enu" (europa_non_universalis)</msg>
</logentry>
<logentry
   revision="1">
<author>jplatzer</author>
<date>2014-03-13T10:40:17.861348Z</date>
<paths>
<path
   action="A"
   kind="dir">/tags</path>
<path
   action="A"
   kind="dir">/trunk</path>
<path
   action="A"
   kind="dir">/branches</path>
</paths>
<msg>Initial Import</msg>
</logentry>
</log>
